<?xml version="1.0" encoding="UTF-8"?>
<!-- Generated by org.testng.reporters.JUnitXMLReporter -->
<testsuite ignored="0" hostname="DESKTOP-DJH6EOB" failures="0" tests="6" name="Default test" time="20.749" errors="0" timestamp="2023-03-21T19:52:21 IST">
  <testcase classname="api.testcases.DataDrivenTests" name="testPostuser" time="4.858"/>
  <testcase classname="api.testcases.DataDrivenTests" name="testPostuser" time="4.334"/>
  <testcase classname="api.testcases.DataDrivenTests" name="testPostuser" time="2.363"/>
  <testcase classname="api.testcases.DataDrivenTests" name="testDeleteUserByName" time="2.454"/>
  <testcase classname="api.testcases.DataDrivenTests" name="testDeleteUserByName" time="2.253"/>
  <testcase classname="api.testcases.DataDrivenTests" name="testDeleteUserByName" time="1.907"/>
</testsuite> <!-- Default test -->
