<?xml version="1.0" encoding="UTF-8"?>
<testng-results ignored="0" total="4" passed="4" failed="0" skipped="0">
  <reporter-output>
  </reporter-output>
  <suite started-at="2023-03-22T22:20:41 IST" name="PetSuite" finished-at="2023-03-22T22:20:55 IST" duration-ms="13174">
    <groups>
    </groups>
    <test started-at="2023-03-22T22:20:41 IST" name="PetTest" finished-at="2023-03-22T22:20:55 IST" duration-ms="13174">
      <class name="api.test.UserTest1">
        <test-method is-config="true" signature="setUpData()[pri:0, instance:api.test.UserTest1@27ce24aa]" started-at="2023-03-22T22:20:42 IST" name="setUpData" finished-at="2023-03-22T22:20:42 IST" duration-ms="797" status="PASS">
          <reporter-output>
          </reporter-output>
        </test-method> <!-- setUpData -->
        <test-method signature="testPostUser()[pri:1, instance:api.test.UserTest1@27ce24aa]" started-at="2023-03-22T22:20:42 IST" name="testPostUser" finished-at="2023-03-22T22:20:47 IST" duration-ms="4391" status="PASS">
          <reporter-output>
          </reporter-output>
        </test-method> <!-- testPostUser -->
        <test-method signature="testGetUserByName()[pri:2, instance:api.test.UserTest1@27ce24aa]" started-at="2023-03-22T22:20:47 IST" name="testGetUserByName" finished-at="2023-03-22T22:20:49 IST" duration-ms="2111" status="PASS">
          <reporter-output>
          </reporter-output>
        </test-method> <!-- testGetUserByName -->
        <test-method signature="testUpdateUserByName()[pri:3, instance:api.test.UserTest1@27ce24aa]" started-at="2023-03-22T22:20:49 IST" name="testUpdateUserByName" finished-at="2023-03-22T22:20:53 IST" duration-ms="3781" status="PASS">
          <reporter-output>
          </reporter-output>
        </test-method> <!-- testUpdateUserByName -->
        <test-method signature="testDeleteUserByName()[pri:4, instance:api.test.UserTest1@27ce24aa]" started-at="2023-03-22T22:20:53 IST" name="testDeleteUserByName" finished-at="2023-03-22T22:20:55 IST" duration-ms="1744" status="PASS">
          <reporter-output>
          </reporter-output>
        </test-method> <!-- testDeleteUserByName -->
      </class> <!-- api.test.UserTest1 -->
    </test> <!-- PetTest -->
  </suite> <!-- PetSuite -->
</testng-results>
