<?xml version="1.0" encoding="UTF-8"?>
<testng-results ignored="0" total="4" passed="4" failed="0" skipped="0">
  <reporter-output>
  </reporter-output>
  <suite started-at="2023-03-25T22:48:26 IST" name="PetSuite" finished-at="2023-03-25T22:48:40 IST" duration-ms="13528">
    <groups>
    </groups>
    <test started-at="2023-03-25T22:48:26 IST" name="PetTest" finished-at="2023-03-25T22:48:40 IST" duration-ms="13528">
      <class name="api.test.UserTest1">
        <test-method is-config="true" signature="setUpData()[pri:0, instance:api.test.UserTest1@27ce24aa]" started-at="2023-03-25T22:48:27 IST" name="setUpData" finished-at="2023-03-25T22:48:28 IST" duration-ms="802" status="PASS">
          <reporter-output>
          </reporter-output>
        </test-method> <!-- setUpData -->
        <test-method signature="testPostUser()[pri:1, instance:api.test.UserTest1@27ce24aa]" started-at="2023-03-25T22:48:28 IST" name="testPostUser" finished-at="2023-03-25T22:48:31 IST" duration-ms="3836" status="PASS">
          <reporter-output>
          </reporter-output>
        </test-method> <!-- testPostUser -->
        <test-method signature="testGetUserByName()[pri:2, instance:api.test.UserTest1@27ce24aa]" started-at="2023-03-25T22:48:31 IST" name="testGetUserByName" finished-at="2023-03-25T22:48:33 IST" duration-ms="1773" status="PASS">
          <reporter-output>
          </reporter-output>
        </test-method> <!-- testGetUserByName -->
        <test-method signature="testUpdateUserByName()[pri:3, instance:api.test.UserTest1@27ce24aa]" started-at="2023-03-25T22:48:33 IST" name="testUpdateUserByName" finished-at="2023-03-25T22:48:38 IST" duration-ms="4516" status="PASS">
          <reporter-output>
          </reporter-output>
        </test-method> <!-- testUpdateUserByName -->
        <test-method signature="testDeleteUserByName()[pri:4, instance:api.test.UserTest1@27ce24aa]" started-at="2023-03-25T22:48:38 IST" name="testDeleteUserByName" finished-at="2023-03-25T22:48:40 IST" duration-ms="2269" status="PASS">
          <reporter-output>
          </reporter-output>
        </test-method> <!-- testDeleteUserByName -->
      </class> <!-- api.test.UserTest1 -->
    </test> <!-- PetTest -->
  </suite> <!-- PetSuite -->
</testng-results>
