<?xml version="1.0" encoding="UTF-8"?>
<testng-results ignored="0" total="4" passed="4" failed="0" skipped="0">
  <reporter-output>
  </reporter-output>
  <suite started-at="2023-03-22T16:48:17 IST" name="PetSuite" finished-at="2023-03-22T16:48:32 IST" duration-ms="14697">
    <groups>
    </groups>
    <test started-at="2023-03-22T16:48:17 IST" name="PetTest" finished-at="2023-03-22T16:48:32 IST" duration-ms="14697">
      <class name="api.test.UserTest1">
        <test-method is-config="true" signature="setUpData()[pri:0, instance:api.test.UserTest1@4b0d79fc]" started-at="2023-03-22T16:48:17 IST" name="setUpData" finished-at="2023-03-22T16:48:18 IST" duration-ms="974" status="PASS">
          <reporter-output>
          </reporter-output>
        </test-method> <!-- setUpData -->
        <test-method signature="testPostUser()[pri:1, instance:api.test.UserTest1@4b0d79fc]" started-at="2023-03-22T16:48:18 IST" name="testPostUser" finished-at="2023-03-22T16:48:24 IST" duration-ms="5747" status="PASS">
          <reporter-output>
          </reporter-output>
        </test-method> <!-- testPostUser -->
        <test-method signature="testGetUserByName()[pri:2, instance:api.test.UserTest1@4b0d79fc]" started-at="2023-03-22T16:48:24 IST" name="testGetUserByName" finished-at="2023-03-22T16:48:26 IST" duration-ms="1733" status="PASS">
          <reporter-output>
          </reporter-output>
        </test-method> <!-- testGetUserByName -->
        <test-method signature="testUpdateUserByName()[pri:3, instance:api.test.UserTest1@4b0d79fc]" started-at="2023-03-22T16:48:26 IST" name="testUpdateUserByName" finished-at="2023-03-22T16:48:30 IST" duration-ms="3827" status="PASS">
          <reporter-output>
          </reporter-output>
        </test-method> <!-- testUpdateUserByName -->
        <test-method signature="testDeleteUserByName()[pri:4, instance:api.test.UserTest1@4b0d79fc]" started-at="2023-03-22T16:48:30 IST" name="testDeleteUserByName" finished-at="2023-03-22T16:48:32 IST" duration-ms="1980" status="PASS">
          <reporter-output>
          </reporter-output>
        </test-method> <!-- testDeleteUserByName -->
      </class> <!-- api.test.UserTest1 -->
    </test> <!-- PetTest -->
  </suite> <!-- PetSuite -->
</testng-results>
