<?xml version="1.0" encoding="UTF-8"?>
<!-- Generated by org.testng.reporters.JUnitXMLReporter -->
<testsuite ignored="0" hostname="DESKTOP-DJH6EOB" failures="0" tests="4" name="PetTest" time="13.528" errors="0" timestamp="2023-03-25T22:48:40 IST">
  <testcase classname="api.test.UserTest1" name="testPostUser" time="3.836"/>
  <testcase classname="api.test.UserTest1" name="testGetUserByName" time="1.773"/>
  <testcase classname="api.test.UserTest1" name="testUpdateUserByName" time="4.516"/>
  <testcase classname="api.test.UserTest1" name="testDeleteUserByName" time="2.269"/>
</testsuite> <!-- PetTest -->
