<?xml version="1.0" encoding="UTF-8"?>
<!-- Generated by org.testng.reporters.JUnitXMLReporter -->
<testsuite ignored="0" hostname="DESKTOP-DJH6EOB" failures="0" tests="4" name="PetTest" time="13.174" errors="0" timestamp="2023-03-22T22:20:55 IST">
  <testcase classname="api.test.UserTest1" name="testPostUser" time="4.391"/>
  <testcase classname="api.test.UserTest1" name="testGetUserByName" time="2.111"/>
  <testcase classname="api.test.UserTest1" name="testUpdateUserByName" time="3.781"/>
  <testcase classname="api.test.UserTest1" name="testDeleteUserByName" time="1.744"/>
</testsuite> <!-- PetTest -->
