<?xml version="1.0" encoding="UTF-8"?>
<!-- Generated by org.testng.reporters.JUnitXMLReporter -->
<testsuite ignored="0" hostname="DESKTOP-DJH6EOB" failures="0" tests="4" name="PetTest" time="14.697" errors="0" timestamp="2023-03-22T16:48:32 IST">
  <testcase classname="api.test.UserTest1" name="testPostUser" time="5.747"/>
  <testcase classname="api.test.UserTest1" name="testGetUserByName" time="1.733"/>
  <testcase classname="api.test.UserTest1" name="testUpdateUserByName" time="3.827"/>
  <testcase classname="api.test.UserTest1" name="testDeleteUserByName" time="1.98"/>
</testsuite> <!-- PetTest -->
